<?xml version="1.0" encoding="UTF-8"?>
<!-- Generated by org.testng.reporters.JUnitXMLReporter -->
<testsuite hostname="LAPTOP-N0G0NBDP" name="myTests" tests="22" failures="0" timestamp="7 Jan 2021 08:04:14 GMT" time="39.024" errors="0">
  <testcase name="homapge" time="7.392" classname="seleniumScripts.HomePage"/>
  <testcase name="wikipagedata" time="0.905" classname="seleniumScripts.LoginPage"/>
  <testcase name="wikipagedata" time="0.702" classname="seleniumScripts.LoginPage"/>
  <testcase name="wikipagedata" time="0.681" classname="seleniumScripts.LoginPage"/>
  <testcase name="wikipagedata" time="0.641" classname="seleniumScripts.LoginPage"/>
  <testcase name="wikipagedata" time="0.638" classname="seleniumScripts.LoginPage"/>
  <testcase name="wikipagedata" time="0.653" classname="seleniumScripts.LoginPage"/>
  <testcase name="wikipagedata" time="0.635" classname="seleniumScripts.LoginPage"/>
  <testcase name="wikipagedata" time="0.635" classname="seleniumScripts.LoginPage"/>
  <testcase name="wikipagedata" time="0.607" classname="seleniumScripts.LoginPage"/>
  <testcase name="wikipagedata" time="0.588" classname="seleniumScripts.LoginPage"/>
  <testcase name="wikipagedata" time="0.58" classname="seleniumScripts.LoginPage"/>
  <testcase name="wikipagedata" time="0.688" classname="seleniumScripts.LoginPage"/>
  <testcase name="wikipagedata" time="0.742" classname="seleniumScripts.LoginPage"/>
  <testcase name="wikipagedata" time="0.789" classname="seleniumScripts.LoginPage"/>
  <testcase name="wikipagedata" time="0.745" classname="seleniumScripts.LoginPage"/>
  <testcase name="wikipagedata" time="0.656" classname="seleniumScripts.LoginPage"/>
  <testcase name="wikipagedata" time="0.667" classname="seleniumScripts.LoginPage"/>
  <testcase name="wikipagedata" time="0.64" classname="seleniumScripts.LoginPage"/>
  <testcase name="wikipagedata" time="0.784" classname="seleniumScripts.LoginPage"/>
  <testcase name="wikipagedata" time="0.744" classname="seleniumScripts.LoginPage"/>
  <testcase name="wikipagedata" time="0.83" classname="seleniumScripts.LoginPage"/>
</testsuite> <!-- myTests -->
