<?xml version="1.0" encoding="UTF-8"?>
<!-- Generated by org.testng.reporters.JUnitXMLReporter -->
<testsuite hostname="LAPTOP-N0G0NBDP" ignored="0" name="myTests" tests="22" failures="0" timestamp="07 Jan 2021 08:09:38 GMT" time="38.989" errors="0">
  <testcase name="homapge" time="7.525" classname="seleniumScripts.HomePage"/>
  <testcase name="wikipagedata" time="0.991" classname="seleniumScripts.LoginPage"/>
  <testcase name="wikipagedata" time="0.763" classname="seleniumScripts.LoginPage"/>
  <testcase name="wikipagedata" time="0.703" classname="seleniumScripts.LoginPage"/>
  <testcase name="wikipagedata" time="0.749" classname="seleniumScripts.LoginPage"/>
  <testcase name="wikipagedata" time="0.718" classname="seleniumScripts.LoginPage"/>
  <testcase name="wikipagedata" time="0.769" classname="seleniumScripts.LoginPage"/>
  <testcase name="wikipagedata" time="0.715" classname="seleniumScripts.LoginPage"/>
  <testcase name="wikipagedata" time="0.722" classname="seleniumScripts.LoginPage"/>
  <testcase name="wikipagedata" time="0.553" classname="seleniumScripts.LoginPage"/>
  <testcase name="wikipagedata" time="0.652" classname="seleniumScripts.LoginPage"/>
  <testcase name="wikipagedata" time="0.725" classname="seleniumScripts.LoginPage"/>
  <testcase name="wikipagedata" time="0.619" classname="seleniumScripts.LoginPage"/>
  <testcase name="wikipagedata" time="0.7" classname="seleniumScripts.LoginPage"/>
  <testcase name="wikipagedata" time="0.678" classname="seleniumScripts.LoginPage"/>
  <testcase name="wikipagedata" time="0.779" classname="seleniumScripts.LoginPage"/>
  <testcase name="wikipagedata" time="0.621" classname="seleniumScripts.LoginPage"/>
  <testcase name="wikipagedata" time="0.713" classname="seleniumScripts.LoginPage"/>
  <testcase name="wikipagedata" time="0.633" classname="seleniumScripts.LoginPage"/>
  <testcase name="wikipagedata" time="0.672" classname="seleniumScripts.LoginPage"/>
  <testcase name="wikipagedata" time="0.851" classname="seleniumScripts.LoginPage"/>
  <testcase name="wikipagedata" time="0.599" classname="seleniumScripts.LoginPage"/>
</testsuite> <!-- myTests -->
